0.000000e+00	3.178340e-30	
1.000000e+00	-4.577339e-40	
2.000000e+00	1.210703e-41	
3.000000e+00	-3.140252e-42	
4.000000e+00	1.618037e-43	
5.000000e+00	-7.644201e-45	
6.000000e+00	3.159229e-46	
7.000000e+00	2.290527e-48	
8.000000e+00	-7.213566e-51	
9.000000e+00	-2.241705e-54	
1.000000e+01	-4.502851e-60	
1.100000e+01	-1.540194e-66	
1.200000e+01	7.741232e-69	
1.300000e+01	-7.552895e-71	
1.400000e+01	4.652561e-73	
1.500000e+01	-2.978126e-74	
1.600000e+01	7.894373e-78	
1.700000e+01	1.520543e-80	
1.800000e+01	-4.969815e-85	
1.900000e+01	7.974907e-91	
2.000000e+01	-1.294261e-31	
2.100000e+01	-5.766837e-32	
2.200000e+01	-5.001305e-32	
2.300000e+01	-1.894832e-33	
2.400000e+01	6.754116e-34	
2.500000e+01	1.145602e-34	
2.600000e+01	9.583163e-36	
2.700000e+01	-6.115634e-37	
2.800000e+01	-1.120195e-37	
2.900000e+01	-1.664844e-39	
3.000000e+01	2.670029e-39	
3.100000e+01	9.015524e-42	
3.200000e+01	6.318893e-36	
3.300000e+01	-4.120412e-35	
3.400000e+01	8.785217e-36	
3.500000e+01	-2.963859e-36	
3.600000e+01	3.131288e-35	
3.700000e+01	-2.674329e-36	
3.800000e+01	-7.508027e-37	
3.900000e+01	1.590583e-38	
4.000000e+01	1.063791e-38	
4.100000e+01	-1.699532e-39	
4.200000e+01	-5.356156e-40	
4.300000e+01	3.280057e-41	
4.400000e+01	8.317535e-42	
4.500000e+01	-9.891843e-43	
4.600000e+01	-3.548559e-43	
4.700000e+01	3.832176e-44	
4.800000e+01	9.145474e-45	
4.900000e+01	-4.873132e-46	
5.000000e+01	-2.302959e-46	
5.100000e+01	3.463967e-47	
5.200000e+01	9.746083e-48	
5.300000e+01	-1.840545e-49	
5.400000e+01	-1.542235e-49	
5.500000e+01	3.834369e-50	
5.600000e+01	-5.165588e-51	
5.700000e+01	2.013649e-52	
5.800000e+01	-3.261911e-54	
5.900000e+01	1.842165e-54	
6.000000e+01	-1.967063e-55	
6.100000e+01	8.908857e-57	
6.200000e+01	-7.472749e-58	
6.300000e+01	2.722979e-59	
6.400000e+01	-3.699562e-61	
6.500000e+01	-1.303690e-62	
6.600000e+01	-5.163150e-63	
6.700000e+01	-1.652285e-63	
6.800000e+01	-2.565843e-63	
6.900000e+01	3.382948e-64	
7.000000e+01	-2.486023e-65	
7.100000e+01	-6.822965e-64	
7.200000e+01	2.889963e-64	
7.300000e+01	-5.590841e-64	
7.400000e+01	8.525690e-64	
7.500000e+01	-7.698682e-64	
7.600000e+01	1.426965e-63	
7.700000e+01	-1.568599e-63	
7.800000e+01	1.839218e-63	
7.900000e+01	-2.794631e-63	
8.000000e+01	2.625490e-63	
8.100000e+01	-3.881937e-63	
8.200000e+01	4.789606e-63	
8.300000e+01	-4.454174e-63	
8.400000e+01	7.230279e-63	
8.500000e+01	-7.472942e-63	
8.600000e+01	8.325711e-63	
8.700000e+01	-1.205722e-62	
8.800000e+01	1.087921e-62	
8.900000e+01	-1.111238e-62	
9.000000e+01	1.772621e-63	
9.100000e+01	-3.244008e-64	
9.200000e+01	2.390648e-64	
9.300000e+01	1.319790e-64	
9.400000e+01	-1.168301e-65	
9.500000e+01	6.678362e-65	
9.600000e+01	-4.387442e-65	
9.700000e+01	1.293624e-65	
9.800000e+01	-2.866954e-67	
9.900000e+01	-1.557534e-66	
1.000000e+02	1.264819e-66	
1.010000e+02	-3.839662e-67	
1.020000e+02	-1.815938e-67	
1.030000e+02	3.773031e-68	
1.040000e+02	2.626520e-69	
1.050000e+02	-1.109947e-69	
1.060000e+02	2.304908e-69	
1.070000e+02	3.324275e-69	
1.080000e+02	8.571929e-70	
1.090000e+02	-4.452993e-70	
1.100000e+02	-1.739282e-70	
1.110000e+02	2.145214e-70	
1.120000e+02	5.554849e-72	
1.130000e+02	-2.986129e-71	
1.140000e+02	5.236399e-72	
1.150000e+02	4.881582e-71	
1.160000e+02	1.014509e-69	
1.170000e+02	-1.715661e-55	
1.180000e+02	-2.261849e-54	
1.190000e+02	3.986923e-55	
1.200000e+02	-1.581043e-54	
1.210000e+02	1.069589e-54	
1.220000e+02	2.271723e-54	
1.230000e+02	-5.265030e-54	
1.240000e+02	1.286193e-53	
1.250000e+02	-2.512179e-54	
1.260000e+02	2.778343e-53	
1.270000e+02	-4.476465e-53	
1.280000e+02	5.525889e-53	
1.290000e+02	-1.148247e-52	
1.300000e+02	8.534872e-53	
1.310000e+02	-2.929695e-53	
1.320000e+02	1.385721e-52	
1.330000e+02	-3.995296e-53	
1.340000e+02	2.354296e-52	
1.350000e+02	-3.401853e-52	
1.360000e+02	2.303289e-52	
1.370000e+02	-5.611590e-52	
1.380000e+02	5.126104e-52	
1.390000e+02	5.446313e-52	
1.400000e+02	3.014196e-52	
1.410000e+02	1.860126e-51	
1.420000e+02	-3.146757e-52	
1.430000e+02	5.961712e-53	
1.440000e+02	7.698079e-53	
1.450000e+02	2.594153e-52	
1.460000e+02	-4.763625e-53	
1.470000e+02	9.081607e-53	
1.480000e+02	-7.262577e-53	
1.490000e+02	1.666087e-52	
1.500000e+02	-8.916732e-54	
1.510000e+02	-6.299198e-53	
1.520000e+02	2.722559e-52	
1.530000e+02	-6.569983e-53	
1.540000e+02	-4.824682e-52	
1.550000e+02	5.588233e-52	
1.560000e+02	2.141972e-52	
1.570000e+02	-1.494049e-51	
1.580000e+02	6.657911e-52	
1.590000e+02	-5.582381e-52	
1.600000e+02	-1.509441e-51	
1.610000e+02	1.492343e-52	
1.620000e+02	-2.693501e-52	
1.630000e+02	2.291541e-52	
1.640000e+02	-2.414901e-53	
1.650000e+02	-3.430527e-54	
1.660000e+02	2.666473e-54	
1.670000e+02	-6.133329e-54	
1.680000e+02	3.201502e-54	
1.690000e+02	-5.538533e-56	
1.700000e+02	7.411463e-56	
1.710000e+02	4.918702e-56	
1.720000e+02	-2.933362e-55	
1.730000e+02	-2.606566e-55	
1.740000e+02	1.599576e-55	
1.750000e+02	1.349359e-55	
1.760000e+02	-5.641375e-56	
1.770000e+02	-2.161821e-55	
1.780000e+02	-7.626279e-56	
1.790000e+02	3.015973e-55	
1.800000e+02	1.418918e-55	
1.810000e+02	-2.563860e-55	
1.820000e+02	-3.917994e-55	
1.830000e+02	2.611254e-55	
1.840000e+02	5.300745e-55	
1.850000e+02	-2.482085e-56	
1.860000e+02	-7.810060e-55	
1.870000e+02	-1.071729e-56	
1.880000e+02	9.474487e-55	
1.890000e+02	7.903344e-55	
1.900000e+02	-7.013041e-55	
1.910000e+02	-1.927850e-54	
1.920000e+02	-8.458789e-56	
1.930000e+02	1.575712e-54	
1.940000e+02	1.963089e-54	
1.950000e+02	-4.519968e-55	
1.960000e+02	-4.177807e-54	
1.970000e+02	-6.057254e-54	
1.980000e+02	-3.295552e-54	
1.990000e+02	5.486319e-54	
2.000000e+02	1.141643e-53	
2.010000e+02	1.011940e-53	
2.020000e+02	-4.713119e-54	
2.030000e+02	-1.186354e-53	
2.040000e+02	-1.127936e-54	
2.050000e+02	9.283135e-54	
2.060000e+02	1.368451e-53	
2.070000e+02	-5.438555e-54	
2.080000e+02	-1.755689e-53	
2.090000e+02	-7.693272e-54	
2.100000e+02	9.346263e-54	
2.110000e+02	2.266694e-53	
2.120000e+02	-1.078465e-54	
2.130000e+02	-2.110963e-53	
2.140000e+02	-1.768121e-53	
2.150000e+02	5.481276e-54	
2.160000e+02	3.275746e-53	
2.170000e+02	7.218670e-54	
2.180000e+02	-2.144122e-53	
2.190000e+02	-2.779756e-53	
2.200000e+02	2.537187e-53	
2.210000e+02	9.558133e-53	
2.220000e+02	3.198448e-53	
2.230000e+02	-4.432142e-53	
2.240000e+02	-8.053650e-53	
2.250000e+02	-2.123720e-53	
2.260000e+02	1.017345e-52	
2.270000e+02	5.723737e-53	
2.280000e+02	-2.871695e-53	
2.290000e+02	-1.226632e-52	
2.300000e+02	-7.169263e-53	
2.310000e+02	8.172812e-53	
2.320000e+02	-3.503313e-54	
2.330000e+02	-3.204636e-53	
2.340000e+02	1.069197e-54	
2.350000e+02	7.740361e-54	
2.360000e+02	4.181107e-55	
2.370000e+02	-6.229016e-54	
2.380000e+02	1.134044e-54	
2.390000e+02	8.773012e-55	
2.400000e+02	1.400077e-55	
2.410000e+02	-1.157444e-54	
2.420000e+02	5.621369e-55	
2.430000e+02	1.544921e-54	
2.440000e+02	4.229742e-55	
2.450000e+02	-1.877097e-54	
2.460000e+02	-6.141389e-55	
2.470000e+02	2.033187e-55	
2.480000e+02	1.064221e-55	
2.490000e+02	-1.258067e-54	
2.500000e+02	-4.094963e-55	
2.510000e+02	8.913577e-55	
2.520000e+02	1.006014e-54	
2.530000e+02	-1.087602e-54	
2.540000e+02	-8.798291e-55	
2.550000e+02	7.616534e-55	
2.560000e+02	1.616084e-54	
2.570000e+02	-6.297311e-55	
2.580000e+02	-8.002401e-56	
2.590000e+02	1.362083e-55	
2.600000e+02	7.925170e-56	
2.610000e+02	-6.113355e-55	
2.620000e+02	4.905883e-56	
2.630000e+02	2.310902e-55	
2.640000e+02	-2.329960e-55	
2.650000e+02	-5.244728e-55	
2.660000e+02	1.134529e-55	
2.670000e+02	5.301989e-55	
2.680000e+02	5.175006e-56	
2.690000e+02	-5.936955e-55	
2.700000e+02	-2.774378e-56	
2.710000e+02	4.046120e-55	
2.720000e+02	-2.459574e-55	
2.730000e+02	-6.591718e-55	
2.740000e+02	-1.043367e-55	
2.750000e+02	4.609715e-55	
2.760000e+02	-2.579355e-55	
2.770000e+02	-6.357209e-55	
2.780000e+02	-2.118810e-55	
2.790000e+02	4.792210e-55	
2.800000e+02	-2.225787e-55	
2.810000e+02	-6.065469e-55	
2.820000e+02	-1.816285e-55	
2.830000e+02	6.868793e-55	
2.840000e+02	-2.066689e-55	
2.850000e+02	-5.272186e-56	
2.860000e+02	3.546465e-55	
2.870000e+02	6.620768e-55	
2.880000e+02	-2.405973e-55	
2.890000e+02	-5.444692e-56	
2.900000e+02	4.413081e-55	
2.910000e+02	5.992463e-55	
2.920000e+02	-3.703570e-55	
2.930000e+02	-1.851548e-55	
2.940000e+02	3.231864e-55	
2.950000e+02	-8.073646e-56	
2.960000e+02	-5.307870e-55	
2.970000e+02	-2.413408e-55	
2.980000e+02	3.923037e-55	
2.990000e+02	-9.142343e-56	
3.000000e+02	-4.307112e-56	
3.010000e+02	-2.769529e-57	
3.020000e+02	6.891752e-56	
3.030000e+02	-3.766565e-56	
3.040000e+02	-6.232730e-57	
3.050000e+02	4.823036e-56	
3.060000e+02	7.750102e-56	
3.070000e+02	-3.191600e-56	
3.080000e+02	-4.750553e-56	
3.090000e+02	-1.444887e-56	
3.100000e+02	3.045968e-56	
3.110000e+02	-1.714720e-56	
3.120000e+02	-1.289242e-56	
3.130000e+02	1.044451e-56	
3.140000e+02	3.613950e-57	
3.150000e+02	-1.633653e-57	
3.160000e+02	-1.683504e-57	
3.170000e+02	9.700798e-58	
3.180000e+02	2.161544e-59	
3.190000e+02	-1.797662e-58	
3.200000e+02	-1.547456e-58	
3.210000e+02	1.065786e-58	
3.220000e+02	1.468083e-59	
3.230000e+02	-1.508689e-59	
3.240000e+02	-2.051045e-59	
3.250000e+02	2.493050e-59	
3.260000e+02	-5.682273e-60	
3.270000e+02	-3.232297e-59	
3.280000e+02	-3.093392e-59	
3.290000e+02	2.878539e-59	
3.300000e+02	2.141843e-59	
3.310000e+02	4.985379e-61	
3.320000e+02	-1.615483e-59	
3.330000e+02	9.010775e-60	
3.340000e+02	1.182332e-60	
3.350000e+02	-2.247476e-60	
3.360000e+02	-2.656241e-60	
3.370000e+02	9.082011e-61	
3.380000e+02	2.873193e-61	
3.390000e+02	-5.859593e-62	
3.400000e+02	-1.555588e-61	
3.410000e+02	3.931858e-62	
3.420000e+02	6.774743e-63	
3.430000e+02	-9.413260e-63	
3.440000e+02	-1.819421e-62	
3.450000e+02	6.365173e-63	
3.460000e+02	3.374496e-63	
3.470000e+02	-1.314719e-62	
3.480000e+02	-2.258788e-62	
3.490000e+02	5.425427e-63	
3.500000e+02	7.635534e-63	
3.510000e+02	-7.166594e-63	
3.520000e+02	-1.269216e-63	
3.530000e+02	1.214525e-63	
3.540000e+02	1.767862e-63	
3.550000e+02	-5.540121e-64	
3.560000e+02	-2.438682e-65	
3.570000e+02	1.547584e-65	
3.580000e+02	4.369476e-65	
3.590000e+02	-2.871907e-65	
3.600000e+02	4.343144e-67	
3.610000e+02	4.121837e-67	
3.620000e+02	6.635869e-67	
3.630000e+02	-6.071754e-67	
3.640000e+02	-3.816252e-68	
3.650000e+02	2.892594e-68	
3.660000e+02	6.342762e-68	
3.670000e+02	-2.423295e-68	
3.680000e+02	-9.151169e-69	
3.690000e+02	-1.440090e-69	
3.700000e+02	5.068883e-69	
3.710000e+02	-2.879954e-69	
3.720000e+02	-7.016919e-71	
3.730000e+02	4.439751e-70	
3.740000e+02	-1.066337e-71	
3.750000e+02	-1.545928e-70	
3.760000e+02	-5.271397e-73	
3.770000e+02	5.710897e-71	
3.780000e+02	-9.934682e-72	
3.790000e+02	-3.419507e-72	
3.800000e+02	-2.379612e-73	
3.810000e+02	3.393866e-72	
3.820000e+02	-3.393987e-72	
3.830000e+02	-6.044694e-72	
3.840000e+02	-1.315938e-72	
3.850000e+02	2.608479e-72	
3.860000e+02	-6.270897e-73	
3.870000e+02	-9.631383e-74	
3.880000e+02	8.301724e-74	
3.890000e+02	2.455003e-73	
3.900000e+02	-6.061519e-74	
3.910000e+02	-4.244152e-75	
3.920000e+02	1.218523e-74	
3.930000e+02	5.814846e-75	
3.940000e+02	-3.239057e-75	
3.950000e+02	3.769410e-76	
3.960000e+02	6.893489e-76	
3.970000e+02	-7.117030e-77	
3.980000e+02	-5.570437e-78	
3.990000e+02	1.272001e-78	
4.000000e+02	9.821731e-78	
4.010000e+02	-4.452363e-78	
4.020000e+02	-5.864311e-79	
4.030000e+02	-8.911242e-80	
4.040000e+02	4.536429e-79	
4.050000e+02	-7.979824e-80	
4.060000e+02	-1.689983e-80	
4.070000e+02	-7.639036e-81	
4.080000e+02	1.685565e-80	
4.090000e+02	-1.219797e-81	
4.100000e+02	-4.924215e-82	
4.110000e+02	-6.112097e-82	
4.120000e+02	5.436381e-82	
4.130000e+02	7.676094e-83	
4.140000e+02	-9.312969e-84	
4.150000e+02	-6.276163e-83	
4.160000e+02	5.884314e-83	
4.170000e+02	6.851907e-84	
4.180000e+02	4.209757e-85	
4.190000e+02	-4.773280e-84	
4.200000e+02	1.036191e-84	
4.210000e+02	1.866089e-85	
4.220000e+02	4.352558e-86	
4.230000e+02	-1.887454e-85	
4.240000e+02	1.876475e-86	
4.250000e+02	6.298926e-87	
4.260000e+02	5.153500e-87	
4.270000e+02	-8.577789e-87	
4.280000e+02	1.978388e-87	
4.290000e+02	9.481629e-89	
4.300000e+02	-3.011828e-88	
4.310000e+02	4.637487e-89	
4.320000e+02	2.622457e-89	
4.330000e+02	1.573548e-90	
4.340000e+02	-1.719313e-89	
4.350000e+02	-4.404688e-91	
4.360000e+02	5.514280e-91	
4.370000e+02	2.220073e-91	
4.380000e+02	-4.527777e-92	
4.390000e+02	-3.930171e-92	
4.400000e+02	7.354745e-93	
4.410000e+02	1.024113e-93	
4.420000e+02	-2.526842e-95	
4.430000e+02	-2.589237e-94	
4.440000e+02	5.148868e-94	
4.450000e+02	5.407402e-94	
4.460000e+02	-4.836989e-94	
4.470000e+02	-3.361539e-94	
4.480000e+02	1.702103e-97	
4.490000e+02	1.338096e-94	
4.500000e+02	-7.857369e-95	
4.510000e+02	3.080529e-95	
4.520000e+02	1.770103e-95	
4.530000e+02	4.162919e-97	
4.540000e+02	-6.246939e-96	
4.550000e+02	7.126530e-97	
4.560000e+02	1.615572e-96	
4.570000e+02	-5.371608e-97	
4.580000e+02	-3.633844e-98	
4.590000e+02	8.549557e-98	
4.600000e+02	6.144115e-98	
4.610000e+02	-2.042706e-98	
4.620000e+02	-1.994564e-100	
4.630000e+02	7.323804e-100	
4.640000e+02	8.038515e-101	
4.650000e+02	-6.007109e-101	
4.660000e+02	4.623702e-100	
4.670000e+02	1.013620e-99	
4.680000e+02	-3.590075e-100	
4.690000e+02	-5.306247e-100	
4.700000e+02	2.081985e-100	
4.710000e+02	4.656860e-100	
4.720000e+02	-2.463023e-100	
4.730000e+02	-4.969462e-101	
4.740000e+02	8.993069e-102	
4.750000e+02	1.359514e-102	
4.760000e+02	-8.674189e-103	
4.770000e+02	-7.529551e-103	
4.780000e+02	8.305985e-104	
4.790000e+02	-1.094475e-103	
4.800000e+02	-6.897825e-103	
4.810000e+02	-1.628866e-103	
4.820000e+02	4.784172e-103	
4.830000e+02	2.679504e-103	
4.840000e+02	-1.873375e-103	
4.850000e+02	-4.866894e-104	
4.860000e+02	1.610585e-104	
4.870000e+02	2.105189e-104	
4.880000e+02	-6.780041e-105	
4.890000e+02	-8.377875e-106	
4.900000e+02	2.751383e-106	
4.910000e+02	2.797865e-107	
4.920000e+02	-3.473293e-108	
4.930000e+02	-5.967014e-108	
4.940000e+02	-3.973881e-108	
4.950000e+02	1.567390e-108	
4.960000e+02	5.359663e-108	
4.970000e+02	-2.556851e-108	
4.980000e+02	-1.913739e-109	
4.990000e+02	1.813142e-109	
5.000000e+02	2.782739e-109	
5.010000e+02	-8.165781e-110	
5.020000e+02	5.438273e-110	
5.030000e+02	3.645002e-109	
5.040000e+02	3.799143e-109	
5.050000e+02	3.505298e-109	
5.060000e+02	1.770250e-109	
5.070000e+02	-8.418882e-110	
5.080000e+02	-2.608880e-109	
5.090000e+02	-7.070726e-111	
5.100000e+02	1.128377e-109	
5.110000e+02	1.378103e-109	
5.120000e+02	3.057446e-110	
5.130000e+02	1.599038e-110	
5.140000e+02	-1.352423e-110	
5.150000e+02	-4.829313e-110	
5.160000e+02	-4.291972e-110	
5.170000e+02	2.050253e-110	
5.180000e+02	5.982706e-110	
5.190000e+02	7.384728e-110	
5.200000e+02	7.319283e-110	
5.210000e+02	3.457367e-110	
5.220000e+02	-5.044015e-110	
5.230000e+02	-1.004674e-109	
5.240000e+02	-7.138635e-110	
5.250000e+02	-8.672525e-111	
5.260000e+02	5.032386e-110	
5.270000e+02	9.018489e-110	
5.280000e+02	1.050497e-109	
5.290000e+02	3.124377e-110	
5.300000e+02	-8.342846e-110	
5.310000e+02	-1.406098e-109	
5.320000e+02	-7.929670e-110	
5.330000e+02	-2.414059e-110	
5.340000e+02	6.536161e-110	
5.350000e+02	1.512767e-109	
5.360000e+02	1.633525e-109	
5.370000e+02	2.542839e-111	
5.380000e+02	-1.211591e-109	
5.390000e+02	-1.809468e-109	
5.400000e+02	-1.384149e-109	
5.410000e+02	-9.323417e-110	
5.420000e+02	7.963097e-111	
5.430000e+02	1.420097e-109	
5.440000e+02	2.769382e-109	
5.450000e+02	3.353218e-109	
5.460000e+02	2.082524e-109	
5.470000e+02	-9.752506e-110	
5.480000e+02	-3.906443e-109	
5.490000e+02	-7.407205e-109	
5.500000e+02	-1.080564e-108	
5.510000e+02	-1.298276e-108	
5.520000e+02	-1.243577e-108	
5.530000e+02	-7.149502e-109	
5.540000e+02	2.468519e-109	
5.550000e+02	1.087252e-108	
5.560000e+02	1.882905e-108	
5.570000e+02	2.361112e-108	
5.580000e+02	2.798392e-108	
5.590000e+02	2.998563e-108	
5.600000e+02	2.762319e-108	
5.610000e+02	1.938439e-108	
5.620000e+02	3.648580e-109	
5.630000e+02	-1.020250e-108	
5.640000e+02	-2.174241e-108	
5.650000e+02	-2.836088e-108	
5.660000e+02	-2.501055e-108	
5.670000e+02	-5.211699e-109	
5.680000e+02	5.545274e-109	
5.690000e+02	1.292802e-108	
5.700000e+02	1.782739e-108	
5.710000e+02	1.639880e-108	
5.720000e+02	3.546766e-109	
5.730000e+02	-1.311452e-109	
5.740000e+02	-3.757736e-109	
5.750000e+02	-6.007057e-109	
5.760000e+02	-7.082705e-109	
5.770000e+02	-5.626674e-109	
5.780000e+02	-5.989210e-109	
5.790000e+02	-6.435155e-109	
5.800000e+02	-5.879862e-109	
5.810000e+02	-3.841139e-109	
5.820000e+02	2.524697e-110	
5.830000e+02	3.130394e-109	
5.840000e+02	5.213313e-109	
5.850000e+02	6.288203e-109	
5.860000e+02	5.498822e-109	
5.870000e+02	1.769612e-109	
5.880000e+02	-3.274504e-110	
5.890000e+02	-1.835494e-109	
5.900000e+02	-2.988785e-109	
5.910000e+02	-3.186124e-109	
5.920000e+02	-1.642972e-109	
5.930000e+02	-1.168600e-109	
5.940000e+02	-9.081166e-110	
5.950000e+02	-4.584157e-110	
5.960000e+02	1.045253e-110	
5.970000e+02	6.557570e-110	
5.980000e+02	1.305195e-109	
5.990000e+02	1.837886e-109	
6.000000e+02	2.022196e-109	
6.010000e+02	1.607959e-109	
6.020000e+02	2.881064e-110	
6.030000e+02	-5.395247e-110	
6.040000e+02	-1.136884e-109	
6.050000e+02	-1.525313e-109	
6.060000e+02	-1.454049e-109	
6.070000e+02	-6.000844e-110	
6.080000e+02	-2.079628e-110	
6.090000e+02	4.620336e-111	
6.100000e+02	2.946475e-110	
6.110000e+02	4.445911e-110	
6.120000e+02	3.692508e-110	
6.130000e+02	4.472873e-110	
6.140000e+02	5.281858e-110	
6.150000e+02	5.084313e-110	
6.160000e+02	3.433049e-110	
6.170000e+02	-1.819692e-111	
6.180000e+02	-2.852531e-110	
6.190000e+02	-4.853615e-110	
6.200000e+02	-5.945829e-110	
6.210000e+02	-5.262437e-110	
6.220000e+02	-1.707633e-110	
6.230000e+02	2.441943e-111	
6.240000e+02	1.583919e-110	
6.250000e+02	2.638477e-110	
6.260000e+02	2.875680e-110	
6.270000e+02	1.594245e-110	
6.280000e+02	1.237501e-110	
6.290000e+02	1.079898e-110	
6.300000e+02	7.112989e-111	
6.310000e+02	1.571910e-111	
6.320000e+02	-5.254744e-111	
6.330000e+02	-1.206817e-110	
6.340000e+02	-1.748712e-110	
6.350000e+02	-1.961645e-110	
6.360000e+02	-1.598334e-110	
6.370000e+02	-3.533387e-111	
6.380000e+02	4.270275e-111	
6.390000e+02	9.815717e-111	
6.400000e+02	1.355370e-110	
6.410000e+02	1.319113e-110	
6.420000e+02	5.766520e-111	
6.430000e+02	2.379513e-111	
6.440000e+02	2.747080e-112	
6.450000e+02	-1.915799e-111	
6.460000e+02	-3.437936e-111	
6.470000e+02	-3.247188e-111	
6.480000e+02	-4.244032e-111	
6.490000e+02	-5.216054e-111	
6.500000e+02	-5.197764e-111	
6.510000e+02	-3.686400e-111	
6.520000e+02	-9.446001e-113	
6.530000e+02	2.472217e-111	
6.540000e+02	4.319201e-111	
6.550000e+02	5.296209e-111	
6.560000e+02	4.564414e-111	
6.570000e+02	1.060429e-111	
6.580000e+02	-8.371734e-112	
6.590000e+02	-1.991035e-111	
6.600000e+02	-2.736081e-111	
6.610000e+02	-2.519702e-111	
6.620000e+02	-6.202239e-112	
6.630000e+02	2.238485e-112	
6.640000e+02	6.582748e-112	
6.650000e+02	1.038541e-111	
6.660000e+02	1.187446e-111	
6.670000e+02	8.638158e-112	
6.680000e+02	8.493699e-112	
6.690000e+02	8.957678e-112	
6.700000e+02	8.189408e-112	
6.710000e+02	5.744638e-112	
6.720000e+02	1.136123e-112	
6.730000e+02	-2.515976e-112	
6.740000e+02	-5.294599e-112	
6.750000e+02	-6.831008e-112	
6.760000e+02	-6.011628e-112	
6.770000e+02	-1.436085e-112	
6.780000e+02	1.202591e-112	
6.790000e+02	2.952567e-112	
6.800000e+02	4.255837e-112	
6.810000e+02	4.350516e-112	
6.820000e+02	2.238409e-112	
6.830000e+02	1.458443e-112	
6.840000e+02	1.129944e-112	
6.850000e+02	6.777031e-113	
6.860000e+02	2.327065e-113	
6.870000e+02	-7.369695e-115	
6.880000e+02	-5.019032e-113	
6.890000e+02	-9.971496e-113	
6.900000e+02	-1.238459e-112	
6.910000e+02	-1.029750e-112	
6.920000e+02	-1.301801e-113	
6.930000e+02	4.274880e-113	
6.940000e+02	7.945673e-113	
6.950000e+02	1.016402e-112	
6.960000e+02	9.072129e-113	
6.970000e+02	2.260867e-113	
6.980000e+02	-1.005626e-113	
6.990000e+02	-2.612987e-113	
7.000000e+02	-3.705025e-113	
7.010000e+02	-3.490239e-113	
7.020000e+02	-9.137205e-114	
7.030000e+02	1.362869e-114	
7.040000e+02	5.504570e-114	
7.050000e+02	9.637211e-114	
7.060000e+02	1.228735e-113	
7.070000e+02	1.139967e-113	
7.080000e+02	1.270584e-113	
7.090000e+02	1.404797e-113	
7.100000e+02	1.342202e-113	
7.110000e+02	9.838860e-114	
7.120000e+02	2.122292e-114	
7.130000e+02	-3.556457e-114	
7.140000e+02	-7.625242e-114	
7.150000e+02	-9.910873e-114	
7.160000e+02	-8.784519e-114	
7.170000e+02	-2.193889e-114	
7.180000e+02	1.685102e-114	
7.190000e+02	4.195669e-114	
7.200000e+02	6.083713e-114	
7.210000e+02	6.260633e-114	
7.220000e+02	3.298372e-114	
7.230000e+02	2.160491e-114	
7.240000e+02	1.711576e-114	
7.250000e+02	1.070476e-114	
7.260000e+02	4.130472e-115	
7.270000e+02	7.768883e-117	
7.280000e+02	-7.304013e-115	
7.290000e+02	-1.466581e-114	
7.300000e+02	-1.833047e-114	
7.310000e+02	-1.540097e-114	
7.320000e+02	-2.312715e-115	
7.330000e+02	5.965433e-115	
7.340000e+02	1.132544e-114	
7.350000e+02	1.461759e-114	
7.360000e+02	1.314728e-114	
7.370000e+02	3.416817e-115	
7.380000e+02	-1.382991e-115	
7.390000e+02	-3.662817e-115	
7.400000e+02	-5.230748e-115	
7.410000e+02	-4.961764e-115	
7.420000e+02	-1.353501e-115	
7.430000e+02	9.603415e-117	
7.440000e+02	5.094303e-116	
7.450000e+02	8.391038e-116	
7.460000e+02	8.574374e-116	
7.470000e+02	2.519882e-116	
7.480000e+02	1.059612e-116	
7.490000e+02	1.634299e-116	
7.500000e+02	1.831413e-116	
7.510000e+02	1.462257e-116	
7.520000e+02	3.247113e-117	
7.530000e+02	-6.168515e-117	
7.540000e+02	-1.379466e-116	
7.550000e+02	-1.888678e-116	
7.560000e+02	-1.799073e-116	
7.570000e+02	-6.624308e-117	
7.580000e+02	-1.108276e-117	
7.590000e+02	1.497278e-117	
7.600000e+02	3.683498e-117	
7.610000e+02	4.187401e-117	
7.620000e+02	1.283641e-117	
7.630000e+02	6.921875e-118	
7.640000e+02	1.038748e-117	
7.650000e+02	9.452531e-118	
7.660000e+02	2.486309e-118	
7.670000e+02	-1.220864e-117	
7.680000e+02	-2.389271e-117	
7.690000e+02	-3.203424e-117	
7.700000e+02	-3.516045e-117	
7.710000e+02	-2.878056e-117	
7.720000e+02	-7.205603e-118	
7.730000e+02	6.527093e-118	
7.740000e+02	1.525393e-117	
7.750000e+02	2.120003e-117	
7.760000e+02	2.101583e-117	
7.770000e+02	1.036623e-117	
7.780000e+02	4.900201e-118	
7.790000e+02	1.987333e-118	
7.800000e+02	-8.508509e-119	
7.810000e+02	-2.383834e-118	
7.820000e+02	-9.375024e-119	
7.830000e+02	-1.527244e-118	
7.840000e+02	-2.817993e-118	
7.850000e+02	-3.349119e-118	
7.860000e+02	-2.764586e-118	
7.870000e+02	-6.757352e-119	
7.880000e+02	1.044284e-118	
7.890000e+02	2.398949e-118	
7.900000e+02	3.277575e-118	
7.910000e+02	3.034500e-118	
7.920000e+02	8.372441e-119	
7.930000e+02	-2.930792e-119	
7.940000e+02	-8.171992e-119	
7.950000e+02	-1.199148e-118	
7.960000e+02	-1.163618e-118	
7.970000e+02	-3.381352e-119	
7.980000e+02	-2.331864e-120	
7.990000e+02	2.504439e-120	
8.000000e+02	8.309377e-120	
8.010000e+02	1.278337e-119	
8.020000e+02	1.535908e-119	
8.030000e+02	2.113961e-119	
8.040000e+02	2.352645e-119	
8.050000e+02	1.933608e-119	
8.060000e+02	4.486784e-120	
8.070000e+02	-7.230199e-120	
8.080000e+02	-1.634246e-119	
8.090000e+02	-2.378409e-119	
8.100000e+02	-2.671080e-119	
8.110000e+02	-2.475570e-119	
8.120000e+02	-2.503954e-119	
8.130000e+02	-2.200646e-119	
8.140000e+02	-1.495857e-119	
8.150000e+02	-3.249549e-120	
8.160000e+02	6.709089e-120	
8.170000e+02	1.316864e-119	
8.180000e+02	1.400530e-119	
8.190000e+02	5.035710e-120	
8.200000e+02	-2.928970e-120	
8.210000e+02	-7.717705e-120	
8.220000e+02	-1.018847e-119	
8.230000e+02	-6.849458e-120	
8.240000e+02	-3.775472e-120	
8.250000e+02	-2.751221e-120	
8.260000e+02	-1.263667e-120	
8.270000e+02	6.194755e-122	
8.280000e+02	1.300264e-120	
8.290000e+02	2.017514e-120	
8.300000e+02	8.254091e-121	
8.310000e+02	-3.622171e-120	
8.320000e+02	-5.700257e-120	
8.330000e+02	-6.788302e-120	
8.340000e+02	-5.401469e-120	
8.350000e+02	-1.618414e-120	
8.360000e+02	4.321153e-121	
8.370000e+02	2.221418e-120	
8.380000e+02	2.724067e-120	
8.390000e+02	2.934493e-120	
8.400000e+02	2.989812e-120	
8.410000e+02	2.011300e-120	
8.420000e+02	-2.378076e-121	
8.430000e+02	-2.218342e-120	
8.440000e+02	-3.940115e-120	
8.450000e+02	-4.553301e-120	
8.460000e+02	-4.621257e-120	
8.470000e+02	-3.863912e-120	
8.480000e+02	-1.642404e-120	
8.490000e+02	1.363937e-120	
8.500000e+02	3.361261e-120	
8.510000e+02	3.569665e-120	
8.520000e+02	1.082357e-120	
8.530000e+02	-1.825776e-121	
8.540000e+02	-1.216792e-120	
8.550000e+02	-7.695875e-121	
8.560000e+02	-9.721965e-121	
8.570000e+02	-8.341807e-121	
8.580000e+02	-2.375242e-122	
8.590000e+02	6.438822e-121	
8.600000e+02	9.009664e-121	
8.610000e+02	3.449390e-122	
8.620000e+02	-2.875551e-121	
8.630000e+02	-4.464929e-121	
8.640000e+02	-2.144459e-122	
8.650000e+02	4.145328e-122	
8.660000e+02	8.273508e-122	
8.670000e+02	8.148946e-123	
8.680000e+02	2.855799e-122	
8.690000e+02	3.032001e-122	
8.700000e+02	-1.597565e-123	
8.710000e+02	-1.929048e-122	
8.720000e+02	-2.417422e-122	
8.730000e+02	-3.234008e-124	
8.740000e+02	4.548107e-123	
8.750000e+02	6.240358e-123	
8.760000e+02	4.541994e-124	
8.770000e+02	5.813239e-124	
8.780000e+02	3.036371e-124	
8.790000e+02	-2.289914e-124	
8.800000e+02	-9.357446e-124	
8.810000e+02	-9.413286e-124	
8.820000e+02	4.956178e-125	
8.830000e+02	3.398475e-124	
8.840000e+02	3.583291e-124	
8.850000e+02	1.287547e-125	
8.860000e+02	-2.051525e-125	
8.870000e+02	-3.301784e-125	
8.880000e+02	-1.532714e-125	
8.890000e+02	-3.819849e-125	
8.900000e+02	-2.971553e-125	
8.910000e+02	5.885960e-126	
8.920000e+02	2.001673e-125	
8.930000e+02	1.622011e-125	
8.940000e+02	-4.948254e-127	
8.950000e+02	-3.659938e-126	
8.960000e+02	-3.134039e-126	
8.970000e+02	-7.079357e-127	
8.980000e+02	-1.143323e-126	
8.990000e+02	-6.065719e-127	
9.000000e+02	4.297857e-127	
9.010000e+02	1.012937e-126	
9.020000e+02	5.909534e-127	
9.030000e+02	-9.901846e-128	
9.040000e+02	-2.927242e-127	
9.050000e+02	-1.641974e-127	
9.060000e+02	-1.883131e-128	
9.070000e+02	-8.680670e-129	
9.080000e+02	1.318787e-129	
9.090000e+02	2.428234e-128	
9.100000e+02	4.364464e-128	
9.110000e+02	1.533597e-128	
9.120000e+02	-8.698442e-129	
9.130000e+02	-1.805122e-128	
9.140000e+02	-5.365076e-129	
9.150000e+02	4.479501e-130	
9.160000e+02	2.051314e-129	
9.170000e+02	5.188803e-130	
9.180000e+02	1.091682e-129	
9.190000e+02	1.519548e-129	
9.200000e+02	1.527559e-130	
9.210000e+02	-5.768137e-130	
9.220000e+02	-9.369126e-130	
9.230000e+02	-4.203708e-131	
9.240000e+02	4.166243e-130	
9.250000e+02	1.250465e-129	
9.260000e+02	2.452928e-129	
9.270000e+02	3.933066e-129	
9.280000e+02	5.494540e-129	
9.290000e+02	9.200546e-118	
9.300000e+02	1.385562e-116	
9.310000e+02	3.790960e-116	
9.320000e+02	7.784865e-116	
9.330000e+02	1.395220e-115	
9.340000e+02	2.299659e-115	
9.350000e+02	2.786515e-115	
9.360000e+02	3.001399e-115	
9.370000e+02	2.812535e-115	
9.380000e+02	2.008419e-115	
9.390000e+02	3.309604e-116	
9.400000e+02	-1.193961e-115	
9.410000e+02	-2.553178e-115	
9.420000e+02	-3.894843e-115	
9.430000e+02	-5.030388e-115	
9.440000e+02	-5.716245e-115	
9.450000e+02	-5.971747e-115	
9.460000e+02	-5.706096e-115	
9.470000e+02	-4.502344e-115	
9.480000e+02	-2.058715e-115	
9.490000e+02	1.969211e-115	
9.500000e+02	6.501426e-115	
9.510000e+02	9.095990e-115	
9.520000e+02	1.044460e-114	
9.530000e+02	9.615474e-115	
9.540000e+02	5.457605e-115	
9.550000e+02	-1.747881e-115	
9.560000e+02	-5.799325e-115	
9.570000e+02	-9.758172e-115	
9.580000e+02	-1.279105e-114	
9.590000e+02	-1.380112e-114	
9.600000e+02	-1.166176e-114	
9.610000e+02	-1.114065e-114	
9.620000e+02	-8.986894e-115	
9.630000e+02	-4.849933e-115	
9.640000e+02	1.619474e-115	
9.650000e+02	1.076392e-114	
9.660000e+02	1.777887e-114	
9.670000e+02	2.292346e-114	
9.680000e+02	2.515737e-114	
9.690000e+02	2.257638e-114	
9.700000e+02	1.285802e-114	
9.710000e+02	3.702901e-115	
9.720000e+02	-3.610396e-115	
9.730000e+02	-1.108525e-114	
9.740000e+02	-1.734430e-114	
9.750000e+02	-2.056737e-114	
9.760000e+02	-2.219682e-114	
9.770000e+02	-2.364397e-114	
9.780000e+02	-2.159060e-114	
9.790000e+02	-1.482355e-114	
9.800000e+02	-1.982719e-115	
9.810000e+02	1.434309e-114	
9.820000e+02	2.546082e-114	
9.830000e+02	3.423398e-114	
9.840000e+02	3.785164e-114	
9.850000e+02	3.277309e-114	
9.860000e+02	1.819331e-114	
9.870000e+02	1.254908e-114	
9.880000e+02	5.924046e-115	
9.890000e+02	-2.191273e-116	
9.900000e+02	-3.843598e-115	
9.910000e+02	-2.274147e-115	
9.920000e+02	-5.356929e-115	
9.930000e+02	-6.373385e-115	
9.940000e+02	-4.364078e-115	
9.950000e+02	1.744485e-115	
9.960000e+02	1.314256e-114	
9.970000e+02	2.203700e-114	
9.980000e+02	2.872148e-114	
9.990000e+02	3.260548e-114	
1.000000e+03	3.121470e-114	
1.001000e+03	2.145719e-114	
1.002000e+03	1.137975e-114	
1.003000e+03	3.734155e-115	
1.004000e+03	-5.187907e-115	
1.005000e+03	-1.442666e-114	
1.006000e+03	-2.263022e-114	
1.007000e+03	-2.941500e-114	
1.008000e+03	-3.456489e-114	
1.009000e+03	-3.523303e-114	
1.010000e+03	-2.925639e-114	
1.011000e+03	-1.408183e-114	
1.012000e+03	7.517971e-115	
1.013000e+03	1.997318e-114	
1.014000e+03	2.950395e-114	
1.015000e+03	3.241444e-114	
1.016000e+03	2.401222e-114	
1.017000e+03	1.668983e-115	
1.018000e+03	-8.404049e-115	
1.019000e+03	-2.019393e-114	
1.020000e+03	-3.198679e-114	
1.021000e+03	-4.136265e-114	
1.022000e+03	-4.511498e-114	
1.023000e+03	-5.110125e-114	
1.024000e+03	-5.302711e-114	
1.025000e+03	-4.823825e-114	
1.026000e+03	-3.420746e-114	
1.027000e+03	-8.036282e-115	
1.028000e+03	1.478777e-114	
1.029000e+03	3.318172e-114	
1.030000e+03	4.737794e-114	
1.031000e+03	5.268928e-114	
1.032000e+03	4.323177e-114	
1.033000e+03	3.052781e-114	
1.034000e+03	2.143867e-114	
1.035000e+03	7.506610e-115	
1.036000e+03	-1.063120e-114	
1.037000e+03	-3.181061e-114	
1.038000e+03	-5.284631e-114	
1.039000e+03	-6.864393e-114	
1.040000e+03	-7.623148e-114	
1.041000e+03	-7.027495e-114	
1.042000e+03	-4.431951e-114	
1.043000e+03	-5.538490e-116	
1.044000e+03	2.622375e-114	
1.045000e+03	5.256956e-114	
1.046000e+03	7.305932e-114	
1.047000e+03	8.056442e-114	
1.048000e+03	6.812790e-114	
1.049000e+03	6.741595e-114	
1.050000e+03	5.729450e-114	
1.051000e+03	3.588463e-114	
1.052000e+03	1.400857e-115	
1.053000e+03	-4.780667e-114	
1.054000e+03	-8.447000e-114	
1.055000e+03	-1.100740e-113	
1.056000e+03	-1.180435e-113	
1.057000e+03	-9.709053e-114	
1.058000e+03	-3.345536e-114	
1.059000e+03	1.942550e-114	
1.060000e+03	5.259578e-114	
1.061000e+03	7.615289e-114	
1.062000e+03	7.823501e-114	
1.063000e+03	4.368910e-114	
1.064000e+03	6.418007e-116	
1.065000e+03	-2.281877e-114	
1.066000e+03	-5.189834e-114	
1.067000e+03	-8.345888e-114	
1.068000e+03	-1.128754e-113	
1.069000e+03	-1.372046e-113	
1.070000e+03	-1.563935e-113	
1.071000e+03	-1.595212e-113	
1.072000e+03	-1.380472e-113	
1.073000e+03	-8.176907e-114	
1.074000e+03	7.554623e-115	
1.075000e+03	5.785537e-114	
1.076000e+03	9.861197e-114	
1.077000e+03	1.163005e-113	
1.078000e+03	9.365397e-114	
1.079000e+03	1.020617e-114	
1.080000e+03	-2.411822e-114	
1.081000e+03	-6.622107e-114	
1.082000e+03	-1.103318e-113	
1.083000e+03	-1.481521e-113	
1.084000e+03	-1.685617e-113	
1.085000e+03	-1.893649e-113	
1.086000e+03	-1.962267e-113	
1.087000e+03	-1.754674e-113	
1.088000e+03	-1.161251e-113	
1.089000e+03	-5.513361e-115	
1.090000e+03	1.010825e-113	
1.091000e+03	1.796561e-113	
1.092000e+03	2.389149e-113	
1.093000e+03	2.583413e-113	
1.094000e+03	2.121796e-113	
1.095000e+03	1.408799e-113	
1.096000e+03	1.073096e-113	
1.097000e+03	6.520611e-114	
1.098000e+03	2.297747e-114	
1.099000e+03	-7.521916e-115	
1.100000e+03	-2.524089e-114	
1.101000e+03	-5.634464e-114	
1.102000e+03	-7.081469e-114	
1.103000e+03	-5.902256e-114	
1.104000e+03	-9.694735e-115	
1.105000e+03	7.981953e-114	
1.106000e+03	1.248376e-113	
1.107000e+03	1.591381e-113	
1.108000e+03	1.671539e-113	
1.109000e+03	1.288498e-113	
1.110000e+03	1.928782e-114	
1.111000e+03	-3.620423e-114	
1.112000e+03	-9.280699e-114	
1.113000e+03	-1.479526e-113	
1.114000e+03	-1.908784e-113	
1.115000e+03	-2.073732e-113	
1.116000e+03	-2.253006e-113	
1.117000e+03	-2.330510e-113	
1.118000e+03	-2.136777e-113	
1.119000e+03	-1.579125e-113	
1.120000e+03	-5.525767e-114	
1.121000e+03	4.785142e-114	
1.122000e+03	1.187727e-113	
1.123000e+03	1.663455e-113	
1.124000e+03	1.686640e-113	
1.125000e+03	9.840491e-114	
1.126000e+03	-8.843881e-115	
1.127000e+03	-6.925905e-114	
1.128000e+03	-1.366423e-113	
1.129000e+03	-1.993683e-113	
1.130000e+03	-2.414844e-113	
1.131000e+03	-2.566182e-113	
1.132000e+03	-2.792045e-113	
1.133000e+03	-2.690916e-113	
1.134000e+03	-2.124449e-113	
1.135000e+03	-9.331473e-114	
1.136000e+03	9.691998e-114	
1.137000e+03	2.075868e-113	
1.138000e+03	2.928198e-113	
1.139000e+03	3.223367e-113	
1.140000e+03	2.577723e-113	
1.141000e+03	5.192241e-114	
1.142000e+03	-5.413490e-114	
1.143000e+03	-1.354074e-113	
1.144000e+03	-1.905768e-113	
1.145000e+03	-1.872487e-113	
1.146000e+03	-8.392119e-114	
1.147000e+03	-3.236351e-115	
1.148000e+03	5.161680e-114	
1.149000e+03	1.231004e-113	
1.150000e+03	2.058704e-113	
1.151000e+03	2.914937e-113	
1.152000e+03	3.673728e-113	
1.153000e+03	4.170235e-113	
1.154000e+03	4.203913e-113	
1.155000e+03	3.523177e-113	
1.156000e+03	1.825282e-113	
1.157000e+03	-4.676036e-114	
1.158000e+03	-1.972789e-113	
1.159000e+03	-3.333247e-113	
1.160000e+03	-4.233722e-113	
1.161000e+03	-4.268839e-113	
1.162000e+03	-3.336523e-113	
1.163000e+03	-3.181309e-113	
1.164000e+03	-2.709529e-113	
1.165000e+03	-1.944352e-113	
1.166000e+03	-9.418514e-114	
1.167000e+03	2.034936e-114	
1.168000e+03	1.286544e-113	
1.169000e+03	2.138483e-113	
1.170000e+03	2.504482e-113	
1.171000e+03	2.069823e-113	
1.172000e+03	4.549967e-114	
1.173000e+03	-6.837496e-114	
1.174000e+03	-1.696243e-113	
1.175000e+03	-2.672476e-113	
1.176000e+03	-3.367512e-113	
1.177000e+03	-3.459440e-113	
1.178000e+03	-3.541536e-113	
1.179000e+03	-3.661238e-113	
1.180000e+03	-3.365985e-113	
1.181000e+03	-2.527962e-113	
1.182000e+03	-1.008877e-113	
1.183000e+03	6.921453e-114	
1.184000e+03	1.867488e-113	
1.185000e+03	2.694290e-113	
1.186000e+03	2.821912e-113	
1.187000e+03	1.811095e-113	
1.188000e+03	-1.731708e-115	
1.189000e+03	-7.339444e-114	
1.190000e+03	-1.388370e-113	
1.191000e+03	-1.728193e-113	
1.192000e+03	-1.417951e-113	
1.193000e+03	-2.936726e-114	
1.194000e+03	-1.503928e-114	
1.195000e+03	4.115997e-115	
1.196000e+03	2.260332e-114	
1.197000e+03	3.211629e-114	
1.198000e+03	2.117199e-114	
1.199000e+03	3.111427e-114	
1.200000e+03	3.518252e-114	
1.201000e+03	2.660458e-114	
1.202000e+03	-1.109080e-115	
1.203000e+03	-5.568774e-114	
1.204000e+03	-9.446693e-114	
1.205000e+03	-1.172163e-113	
1.206000e+03	-1.246333e-113	
1.207000e+03	-1.054533e-113	
1.208000e+03	-4.562397e-114	
1.209000e+03	1.593666e-114	
1.210000e+03	5.779084e-114	
1.211000e+03	9.799457e-114	
1.212000e+03	1.285483e-113	
1.213000e+03	1.389977e-113	
1.214000e+03	1.367715e-113	
1.215000e+03	1.410996e-113	
1.216000e+03	1.308005e-113	
1.217000e+03	1.022234e-113	
1.218000e+03	5.156802e-114	
1.219000e+03	-1.494428e-114	
1.220000e+03	-6.090421e-114	
1.221000e+03	-9.587102e-114	
1.222000e+03	-1.076035e-113	
1.223000e+03	-8.077553e-114	
1.224000e+03	-4.399034e-115	
1.225000e+03	2.328180e-114	
1.226000e+03	5.024020e-114	
1.227000e+03	6.721989e-114	
1.228000e+03	6.179252e-114	
1.229000e+03	1.801850e-114	
1.230000e+03	7.640240e-116	
1.231000e+03	-1.769714e-114	
1.232000e+03	-4.293107e-114	
1.233000e+03	-7.393271e-114	
1.234000e+03	-1.088123e-113	
1.235000e+03	-1.379699e-113	
1.236000e+03	-1.550449e-113	
1.237000e+03	-1.535144e-113	
1.238000e+03	-1.232544e-113	
1.239000e+03	-5.202589e-114	
1.240000e+03	2.638540e-114	
1.241000e+03	8.129541e-114	
1.242000e+03	1.295845e-113	
1.243000e+03	1.593571e-113	
1.244000e+03	1.553902e-113	
1.245000e+03	1.287113e-113	
1.246000e+03	1.224298e-113	
1.247000e+03	1.037833e-113	
1.248000e+03	7.318448e-114	
1.249000e+03	3.212071e-114	
1.250000e+03	-1.528476e-114	
1.251000e+03	-5.718570e-114	
1.252000e+03	-8.913949e-114	
1.253000e+03	-1.009198e-113	
1.254000e+03	-7.991001e-114	
1.255000e+03	-1.306326e-114	
1.256000e+03	1.303793e-114	
1.257000e+03	3.925574e-114	
1.258000e+03	5.711954e-114	
1.259000e+03	5.522267e-114	
1.260000e+03	1.890939e-114	
1.261000e+03	1.824562e-115	
1.262000e+03	-1.364217e-114	
1.263000e+03	-3.594216e-114	
1.264000e+03	-6.444976e-114	
1.265000e+03	-9.775943e-114	
1.266000e+03	-1.265601e-113	
1.267000e+03	-1.439459e-113	
1.268000e+03	-1.444339e-113	
1.269000e+03	-1.183977e-113	
1.270000e+03	-5.415416e-114	
1.271000e+03	1.886703e-114	
1.272000e+03	6.154704e-114	
1.273000e+03	9.286807e-114	
1.274000e+03	9.987437e-114	
1.275000e+03	6.613308e-114	
1.276000e+03	1.993123e-115	
1.277000e+03	-2.942664e-114	
1.278000e+03	-6.671964e-114	
1.279000e+03	-1.046143e-113	
1.280000e+03	-1.356625e-113	
1.281000e+03	-1.535903e-113	
1.282000e+03	-1.751405e-113	
1.283000e+03	-1.799773e-113	
1.284000e+03	-1.598041e-113	
1.285000e+03	-1.048867e-113	
1.286000e+03	-3.964246e-115	
1.287000e+03	5.665579e-114	
1.288000e+03	1.068775e-113	
1.289000e+03	1.338241e-113	
1.290000e+03	1.186266e-113	
1.291000e+03	3.784973e-114	
1.292000e+03	-1.282345e-114	
1.293000e+03	-4.439136e-114	
1.294000e+03	-6.880451e-114	
1.295000e+03	-7.316188e-114	
1.296000e+03	-4.064049e-114	
1.297000e+03	-8.447164e-115	
1.298000e+03	7.911835e-115	
1.299000e+03	3.281213e-114	
1.300000e+03	6.613872e-114	
1.301000e+03	1.070162e-113	
1.302000e+03	1.465669e-113	
1.303000e+03	1.703390e-113	
1.304000e+03	1.750167e-113	
1.305000e+03	1.490586e-113	
1.306000e+03	7.838096e-114	
1.307000e+03	-1.664252e-114	
1.308000e+03	-6.847464e-114	
1.309000e+03	-1.069542e-113	
1.310000e+03	-1.160781e-113	
1.311000e+03	-7.546839e-114	
1.312000e+03	4.209829e-115	
1.313000e+03	3.156568e-114	
1.314000e+03	5.574220e-114	
1.315000e+03	6.594675e-114	
1.316000e+03	4.778575e-114	
1.317000e+03	5.242569e-116	
1.318000e+03	-7.145219e-115	
1.319000e+03	-1.479211e-114	
1.320000e+03	-1.906628e-114	
1.321000e+03	-1.521106e-114	
1.322000e+03	-6.625084e-116	
1.323000e+03	-9.596413e-116	
1.324000e+03	-9.805812e-116	
1.325000e+03	-7.420692e-116	
1.326000e+03	-3.446254e-116	
1.327000e+03	4.914766e-117	
1.328000e+03	9.767645e-116	
1.329000e+03	1.834148e-115	
1.330000e+03	2.293077e-115	
1.331000e+03	1.908008e-115	
1.332000e+03	1.027153e-116	
1.333000e+03	-2.227436e-116	
1.334000e+03	-5.203383e-116	
1.335000e+03	-7.121702e-116	
1.336000e+03	-6.417708e-116	
1.337000e+03	-1.020383e-116	
1.338000e+03	9.270286e-118	
1.339000e+03	5.183015e-117	
1.340000e+03	8.689225e-117	
1.341000e+03	8.924390e-117	
1.342000e+03	2.374339e-117	
1.343000e+03	1.726826e-117	
1.344000e+03	3.225533e-117	
1.345000e+03	4.052835e-117	
1.346000e+03	3.598596e-117	
1.347000e+03	1.115430e-117	
1.348000e+03	-6.832086e-118	
1.349000e+03	-1.751423e-117	
1.350000e+03	-2.515550e-117	
1.351000e+03	-2.480351e-117	
1.352000e+03	-9.907953e-118	
1.353000e+03	8.390594e-119	
1.354000e+03	3.487597e-118	
1.355000e+03	5.661531e-118	
1.356000e+03	6.063182e-118	
1.357000e+03	2.915349e-118	
1.358000e+03	2.577574e-119	
1.359000e+03	2.908346e-119	
1.360000e+03	2.371895e-119	
1.361000e+03	1.267484e-119	
1.362000e+03	2.138612e-120	
1.363000e+03	-1.464140e-119	
1.364000e+03	-4.282734e-119	
1.365000e+03	-6.430770e-119	
1.366000e+03	-6.779214e-119	
1.367000e+03	-3.852678e-119	
1.368000e+03	5.482020e-120	
1.369000e+03	2.700618e-119	
1.370000e+03	5.452658e-119	
1.371000e+03	8.597370e-119	
1.372000e+03	1.180576e-118	
1.373000e+03	1.461077e-118	
1.374000e+03	1.639130e-118	
1.375000e+03	1.635614e-118	
1.376000e+03	1.352801e-118	
1.377000e+03	6.727533e-119	
1.378000e+03	-1.442978e-119	
1.379000e+03	-2.442620e-119	
1.380000e+03	-3.524248e-119	
1.381000e+03	-4.602566e-119	
1.382000e+03	-5.563992e-119	
1.383000e+03	-6.263869e-119	
1.384000e+03	-6.523673e-119	
1.385000e+03	-6.128223e-119	
1.386000e+03	-4.822894e-119	
1.387000e+03	-4.605135e-119	
1.388000e+03	-4.716934e-119	
1.389000e+03	-4.673143e-119	
1.390000e+03	-4.433889e-119	
1.391000e+03	-3.954996e-119	
1.392000e+03	-3.187815e-119	
1.393000e+03	-2.079057e-119	
1.394000e+03	-5.706179e-120	
1.395000e+03	1.056831e-119	
1.396000e+03	2.042956e-119	
1.397000e+03	2.936857e-119	
1.398000e+03	3.658385e-119	
1.399000e+03	4.113748e-119	
1.400000e+03	4.194684e-119	
1.401000e+03	3.777623e-119	
1.402000e+03	2.722861e-119	
1.403000e+03	8.737246e-120	
1.404000e+03	-9.396700e-121	
1.405000e+03	-7.520918e-120	
1.406000e+03	-1.396657e-119	
1.407000e+03	-1.959747e-119	
1.408000e+03	-2.359635e-119	
1.409000e+03	-2.499879e-119	
1.410000e+03	-2.268418e-119	
1.411000e+03	-1.536667e-119	
1.412000e+03	-6.336084e-120	
1.413000e+03	-5.045797e-120	
1.414000e+03	-3.299576e-120	
1.415000e+03	-1.234509e-120	
1.416000e+03	9.585318e-121	
1.417000e+03	3.030240e-120	
1.418000e+03	4.668227e-120	
1.419000e+03	5.492377e-120	
1.420000e+03	5.050188e-120	
1.421000e+03	6.417841e-120	
1.422000e+03	8.218238e-120	
1.423000e+03	9.621329e-120	
1.424000e+03	1.043034e-119	
1.425000e+03	1.042246e-119	
1.426000e+03	9.347696e-120	
1.427000e+03	6.927728e-120	
1.428000e+03	2.854798e-120	
1.429000e+03	-1.762024e-120	
1.430000e+03	-4.020170e-120	
1.431000e+03	-6.205276e-120	
1.432000e+03	-8.104321e-120	
1.433000e+03	-9.460465e-120	
1.434000e+03	-9.970100e-120	
1.435000e+03	-9.279894e-120	
1.436000e+03	-6.983839e-120	
1.437000e+03	-2.620300e-120	
1.438000e+03	-7.382304e-121	
1.439000e+03	3.771148e-121	
1.440000e+03	1.529386e-120	
1.441000e+03	2.606766e-120	
1.442000e+03	3.470797e-120	
1.443000e+03	3.954435e-120	
1.444000e+03	3.860109e-120	
1.445000e+03	2.957770e-120	
1.446000e+03	1.815872e-120	
1.447000e+03	1.956450e-120	
1.448000e+03	1.987753e-120	
1.449000e+03	1.897415e-120	
1.450000e+03	1.675440e-120	
1.451000e+03	1.314560e-120	
1.452000e+03	8.105959e-121	
1.453000e+03	1.628253e-121	
1.454000e+03	-6.256597e-121	
1.455000e+03	-1.295061e-120	
1.456000e+03	-1.892770e-120	
1.457000e+03	-2.408495e-120	
1.458000e+03	-2.779445e-120	
1.459000e+03	-2.932407e-120	
1.460000e+03	-2.783141e-120	
1.461000e+03	-2.235774e-120	
1.462000e+03	-1.182196e-120	
1.463000e+03	1.926178e-122	
1.464000e+03	4.875939e-121	
1.465000e+03	9.598468e-121	
1.466000e+03	1.391797e-120	
1.467000e+03	1.729318e-120	
1.468000e+03	1.907675e-120	
1.469000e+03	1.850837e-120	
1.470000e+03	1.470769e-120	
1.471000e+03	6.667418e-121	
1.472000e+03	3.939552e-121	
1.473000e+03	2.619484e-121	
1.474000e+03	1.064415e-121	
1.475000e+03	-5.958077e-122	
1.476000e+03	-2.191796e-121	
1.477000e+03	-3.511435e-121	
1.478000e+03	-4.296704e-121	
1.479000e+03	-4.240497e-121	
1.480000e+03	-3.983980e-121	
1.481000e+03	-5.164526e-121	
1.482000e+03	-6.114384e-121	
1.483000e+03	-6.723293e-121	
1.484000e+03	-6.867567e-121	
1.485000e+03	-6.409585e-121	
1.486000e+03	-5.197278e-121	
1.487000e+03	-3.063614e-121	
1.488000e+03	1.739114e-122	
1.489000e+03	2.129331e-121	
1.490000e+03	3.678949e-121	
1.491000e+03	5.092031e-121	
1.492000e+03	6.206768e-121	
1.493000e+03	6.831088e-121	
1.494000e+03	6.740733e-121	
1.495000e+03	5.677340e-121	
1.496000e+03	3.346511e-121	
1.497000e+03	6.953148e-122	
1.498000e+03	-1.077073e-122	
1.499000e+03	-9.612231e-122	
1.500000e+03	-1.789182e-121	
1.501000e+03	-2.496441e-121	
1.502000e+03	-2.967337e-121	
1.503000e+03	-3.064263e-121	
1.504000e+03	-2.626241e-121	
1.505000e+03	-1.467497e-121	
1.506000e+03	-1.258927e-121	
1.507000e+03	-1.259324e-121	
1.508000e+03	-1.182978e-121	
1.509000e+03	-1.028095e-121	
1.510000e+03	-7.958656e-122	
1.511000e+03	-4.908008e-122	
1.512000e+03	-1.210635e-122	
1.513000e+03	3.011955e-122	
1.514000e+03	7.427348e-122	
1.515000e+03	1.150182e-121	
1.516000e+03	1.516336e-121	
1.517000e+03	1.802878e-121	
1.518000e+03	1.964998e-121	
1.519000e+03	1.951013e-121	
1.520000e+03	1.701994e-121	
1.521000e+03	1.151388e-121	
1.522000e+03	2.246367e-122	
1.523000e+03	-2.336391e-122	
1.524000e+03	-5.718233e-122	
1.525000e+03	-8.941798e-122	
1.526000e+03	-1.165628e-121	
1.527000e+03	-1.343915e-121	
1.528000e+03	-1.379133e-121	
1.529000e+03	-1.213236e-121	
1.530000e+03	-7.795605e-122	
1.531000e+03	-2.889015e-122	
1.532000e+03	-1.894640e-122	
1.533000e+03	-7.142066e-123	
1.534000e+03	5.574342e-123	
1.535000e+03	1.795836e-122	
1.536000e+03	2.844547e-122	
1.537000e+03	3.512707e-122	
1.538000e+03	3.572632e-122	
1.539000e+03	2.757411e-122	
1.540000e+03	3.190380e-122	
1.541000e+03	3.821102e-122	
1.542000e+03	4.254296e-122	
1.543000e+03	4.420492e-122	
1.544000e+03	4.243335e-122	
1.545000e+03	3.639413e-122	
1.546000e+03	2.518085e-122	
1.547000e+03	7.813113e-123	
1.548000e+03	-1.093484e-122	
1.549000e+03	-2.168470e-122	
1.550000e+03	-3.187073e-122	
1.551000e+03	-4.047726e-122	
1.552000e+03	-4.629146e-122	
1.553000e+03	-4.789060e-122	
1.554000e+03	-4.362934e-122	
1.555000e+03	-3.162695e-122	
1.556000e+03	-9.754574e-123	
1.557000e+03	-7.833087e-124	
1.558000e+03	5.423836e-123	
1.559000e+03	1.164715e-122	
1.560000e+03	1.724881e-122	
1.561000e+03	2.144714e-122	
1.562000e+03	2.330642e-122	
1.563000e+03	2.172664e-122	
1.564000e+03	1.543329e-122	
1.565000e+03	8.339626e-123	
1.566000e+03	8.171009e-123	
1.567000e+03	7.491856e-123	
1.568000e+03	6.320043e-123	
1.569000e+03	4.701280e-123	
1.570000e+03	2.711993e-123	
1.571000e+03	4.622014e-124	
1.572000e+03	-1.901603e-123	
1.573000e+03	-4.193578e-123	
1.574000e+03	-6.843541e-123	
1.575000e+03	-9.376351e-123	
1.576000e+03	-1.147863e-122	
1.577000e+03	-1.287924e-122	
1.578000e+03	-1.326509e-122	
1.579000e+03	-1.227892e-122	
1.580000e+03	-9.516946e-123	
1.581000e+03	-4.526647e-123	
1.582000e+03	8.565596e-124	
1.583000e+03	3.235370e-123	
1.584000e+03	5.584123e-123	
1.585000e+03	7.677214e-123	
1.586000e+03	9.240757e-123	
1.587000e+03	9.949263e-123	
1.588000e+03	9.422324e-123	
1.589000e+03	7.221291e-123	
1.590000e+03	2.845956e-123	
1.591000e+03	1.437200e-123	
1.592000e+03	5.540658e-124	
1.593000e+03	-4.118604e-124	
1.594000e+03	-1.371670e-123	
1.595000e+03	-2.212854e-123	
1.596000e+03	-2.797502e-123	
1.597000e+03	-2.960499e-123	
1.598000e+03	-2.507720e-123	
1.599000e+03	-1.921449e-123	
1.600000e+03	-2.101839e-123	
1.601000e+03	-2.062139e-123	
1.602000e+03	-1.740706e-123	
1.603000e+03	-1.070124e-123	
1.604000e+03	2.293240e-125	
1.605000e+03	1.617837e-123	
1.606000e+03	3.800149e-123	
1.607000e+03	6.661750e-123	
1.608000e+03	8.550518e-123	
1.609000e+03	1.014291e-122	
1.610000e+03	1.151232e-122	
1.611000e+03	1.251279e-122	
1.612000e+03	1.297437e-122	
1.613000e+03	1.270175e-122	
1.614000e+03	1.147282e-122	
1.615000e+03	9.037206e-123	
1.616000e+03	6.354909e-123	
1.617000e+03	5.080259e-123	
1.618000e+03	3.684393e-123	
1.619000e+03	2.249736e-123	
1.620000e+03	8.790103e-124	
1.621000e+03	-3.033157e-124	
1.622000e+03	-1.149579e-123	
1.623000e+03	-1.487470e-123	
1.624000e+03	-1.118583e-123	
1.625000e+03	-1.670823e-123	
1.626000e+03	-2.266236e-123	
1.627000e+03	-2.669093e-123	
1.628000e+03	-2.840225e-123	
1.629000e+03	-2.739672e-123	
1.630000e+03	-2.326876e-123	
1.631000e+03	-1.560864e-123	
1.632000e+03	-4.004374e-124	
1.633000e+03	8.775524e-124	
1.634000e+03	1.826053e-123	
1.635000e+03	2.781685e-123	
1.636000e+03	3.668545e-123	
1.637000e+03	4.395974e-123	
1.638000e+03	4.857648e-123	
1.639000e+03	4.930661e-123	
1.640000e+03	4.474619e-123	
1.641000e+03	3.330719e-123	
1.642000e+03	2.894872e-123	
1.643000e+03	2.424907e-123	
1.644000e+03	1.751153e-123	
1.645000e+03	8.665252e-124	
1.646000e+03	-2.315911e-124	
1.647000e+03	-1.540871e-123	
1.648000e+03	-3.053583e-123	
1.649000e+03	-4.756121e-123	
1.650000e+03	-6.418082e-123	
1.651000e+03	-7.700035e-123	
1.652000e+03	-8.758449e-123	
1.653000e+03	-9.475901e-123	
1.654000e+03	-9.717612e-123	
1.655000e+03	-9.330509e-123	
1.656000e+03	-8.142282e-123	
1.657000e+03	-5.960449e-123	
1.658000e+03	-2.571415e-123	
1.659000e+03	-5.218784e-124	
1.660000e+03	1.434032e-123	
1.661000e+03	3.477490e-123	
1.662000e+03	5.504446e-123	
1.663000e+03	7.388528e-123	
1.664000e+03	8.979552e-123	
1.665000e+03	1.010205e-122	
1.666000e+03	1.055377e-122	
1.667000e+03	1.072479e-122	
1.668000e+03	1.124740e-122	
1.669000e+03	1.128344e-122	
1.670000e+03	1.072843e-122	
1.671000e+03	9.470235e-123	
1.672000e+03	7.388962e-123	
1.673000e+03	4.356866e-123	
1.674000e+03	2.382201e-124	
1.675000e+03	-5.110791e-123	
1.676000e+03	-8.832432e-123	
1.677000e+03	-1.218265e-122	
1.678000e+03	-1.520627e-122	
1.679000e+03	-1.763862e-122	
1.680000e+03	-1.917200e-122	
1.681000e+03	-1.945317e-122	
1.682000e+03	-1.808093e-122	
1.683000e+03	-1.460355e-122	
1.684000e+03	-1.060000e-122	
1.685000e+03	-8.410730e-123	
1.686000e+03	-5.631082e-123	
1.687000e+03	-2.308912e-123	
1.688000e+03	1.483106e-123	
1.689000e+03	5.645448e-123	
1.690000e+03	1.004970e-122	
1.691000e+03	1.453654e-122	
1.692000e+03	1.891365e-122	
1.693000e+03	2.277073e-122	
1.694000e+03	2.591171e-122	
1.695000e+03	2.802481e-122	
1.696000e+03	2.873881e-122	
1.697000e+03	2.763623e-122	
1.698000e+03	2.425112e-122	
1.699000e+03	1.806688e-122	
1.700000e+03	8.514066e-123	
1.701000e+03	-1.572172e-123	
1.702000e+03	-8.212510e-123	
1.703000e+03	-1.503539e-122	
1.704000e+03	-2.165543e-122	
1.705000e+03	-2.760766e-122	
1.706000e+03	-3.234225e-122	
1.707000e+03	-3.521938e-122	
1.708000e+03	-3.550398e-122	
1.709000e+03	-3.236059e-122	
1.710000e+03	-3.223979e-122	
1.711000e+03	-3.126547e-122	
1.712000e+03	-2.864273e-122	
1.713000e+03	-2.415270e-122	
1.714000e+03	-1.757516e-122	
1.715000e+03	-8.689615e-123	
1.716000e+03	2.723617e-123	
1.717000e+03	1.688231e-122	
1.718000e+03	3.101714e-122	
1.719000e+03	4.144849e-122	
1.720000e+03	5.080595e-122	
1.721000e+03	5.827899e-122	
1.722000e+03	6.292792e-122	
1.723000e+03	6.367646e-122	
1.724000e+03	5.930445e-122	
1.725000e+03	4.844042e-122	
1.726000e+03	2.955426e-122	
1.727000e+03	1.946082e-122	
1.728000e+03	9.053950e-123	
1.729000e+03	-2.697972e-123	
1.730000e+03	-1.537163e-122	
1.731000e+03	-2.842826e-122	
1.732000e+03	-4.120542e-122	
1.733000e+03	-5.290868e-122	
1.734000e+03	-6.260346e-122	
1.735000e+03	-7.102167e-122	
1.736000e+03	-7.921278e-122	
1.737000e+03	-8.433703e-122	
1.738000e+03	-8.542180e-122	
1.739000e+03	-8.138604e-122	
1.740000e+03	-7.103577e-122	
1.741000e+03	-5.305959e-122	
1.742000e+03	-2.602420e-122	
1.743000e+03	1.163011e-122	
1.744000e+03	3.570093e-122	
1.745000e+03	5.836340e-122	
1.746000e+03	8.004192e-122	
1.747000e+03	9.914935e-122	
1.748000e+03	1.138156e-121	
1.749000e+03	1.218707e-121	
1.750000e+03	1.208272e-121	
1.751000e+03	1.078633e-121	
1.752000e+03	9.215054e-122	
1.753000e+03	8.520845e-122	
1.754000e+03	7.360778e-122	
1.755000e+03	5.707557e-122	
1.756000e+03	3.540785e-122	
1.757000e+03	8.477721e-123	
1.758000e+03	-2.375666e-122	
1.759000e+03	-6.124405e-122	
1.760000e+03	-1.038321e-121	
1.761000e+03	-1.363180e-121	
1.762000e+03	-1.644243e-121	
1.763000e+03	-1.866912e-121	
1.764000e+03	-2.003630e-121	
1.765000e+03	-2.022954e-121	
1.766000e+03	-1.889354e-121	
1.767000e+03	-1.563004e-121	
1.768000e+03	-9.995791e-122	
1.769000e+03	-4.053043e-122	
1.770000e+03	-2.742878e-123	
1.771000e+03	3.843073e-122	
1.772000e+03	8.115294e-122	
1.773000e+03	1.231409e-121	
1.774000e+03	1.616357e-121	
1.775000e+03	1.933708e-121	
1.776000e+03	2.145421e-121	
1.777000e+03	2.207762e-121	
1.778000e+03	2.380745e-121	
1.779000e+03	2.479205e-121	
1.780000e+03	2.461664e-121	
1.781000e+03	2.302162e-121	
1.782000e+03	1.972595e-121	
1.783000e+03	1.442661e-121	
1.784000e+03	6.798024e-122	
1.785000e+03	-3.508414e-122	
1.786000e+03	-1.359311e-121	
1.787000e+03	-2.011964e-121	
1.788000e+03	-2.589482e-121	
1.789000e+03	-3.031915e-121	
1.790000e+03	-3.269287e-121	
